d:\desktop\密码挑战赛\lbc\lbc\x64\debug\vc143.pdb
d:\desktop\密码挑战赛\lbc\lbc\x64\debug\vc143.idb
d:\desktop\密码挑战赛\lbc\lbc\x64\debug\sm4.obj
d:\desktop\密码挑战赛\lbc\lbc\x64\debug\sm3.obj
d:\desktop\密码挑战赛\lbc\lbc\x64\debug\ntru.obj
d:\desktop\密码挑战赛\lbc\lbc\x64\debug\myrandom.obj
d:\desktop\密码挑战赛\lbc\lbc\x64\debug\main.obj
d:\desktop\密码挑战赛\lbc\lbc\x64\debug\lbc_cbc.obj
d:\desktop\密码挑战赛\lbc\lbc\x64\debug\lbc.obj
d:\desktop\密码挑战赛\lbc\lbc\x64\debug\api.obj
d:\desktop\密码挑战赛\lbc\lbc\x64\debug\lbc.ilk
d:\desktop\密码挑战赛\lbc\x64\debug\lbc.pdb
d:\desktop\密码挑战赛\lbc\lbc\x64\debug\lbc.tlog\cl.command.1.tlog
d:\desktop\密码挑战赛\lbc\lbc\x64\debug\lbc.tlog\cl.items.tlog
d:\desktop\密码挑战赛\lbc\lbc\x64\debug\lbc.tlog\cl.read.1.tlog
d:\desktop\密码挑战赛\lbc\lbc\x64\debug\lbc.tlog\cl.write.1.tlog
d:\desktop\密码挑战赛\lbc\lbc\x64\debug\lbc.tlog\link-cvtres.read.1.tlog
d:\desktop\密码挑战赛\lbc\lbc\x64\debug\lbc.tlog\link-cvtres.write.1.tlog
d:\desktop\密码挑战赛\lbc\lbc\x64\debug\lbc.tlog\link-rc.read.1.tlog
d:\desktop\密码挑战赛\lbc\lbc\x64\debug\lbc.tlog\link-rc.write.1.tlog
d:\desktop\密码挑战赛\lbc\lbc\x64\debug\lbc.tlog\link.18148-cvtres.read.1.tlog
d:\desktop\密码挑战赛\lbc\lbc\x64\debug\lbc.tlog\link.18148-cvtres.write.1.tlog
d:\desktop\密码挑战赛\lbc\lbc\x64\debug\lbc.tlog\link.18148-rc.read.1.tlog
d:\desktop\密码挑战赛\lbc\lbc\x64\debug\lbc.tlog\link.18148-rc.write.1.tlog
d:\desktop\密码挑战赛\lbc\lbc\x64\debug\lbc.tlog\link.18148.read.1.tlog
d:\desktop\密码挑战赛\lbc\lbc\x64\debug\lbc.tlog\link.18148.read.2.tlog
d:\desktop\密码挑战赛\lbc\lbc\x64\debug\lbc.tlog\link.18148.read.3.tlog
d:\desktop\密码挑战赛\lbc\lbc\x64\debug\lbc.tlog\link.18148.read.4.tlog
d:\desktop\密码挑战赛\lbc\lbc\x64\debug\lbc.tlog\link.18148.read.5.tlog
d:\desktop\密码挑战赛\lbc\lbc\x64\debug\lbc.tlog\link.18148.read.6.tlog
d:\desktop\密码挑战赛\lbc\lbc\x64\debug\lbc.tlog\link.18148.write.1.tlog
d:\desktop\密码挑战赛\lbc\lbc\x64\debug\lbc.tlog\link.command.1.tlog
d:\desktop\密码挑战赛\lbc\lbc\x64\debug\lbc.tlog\link.read.1.tlog
d:\desktop\密码挑战赛\lbc\lbc\x64\debug\lbc.tlog\link.read.2.tlog
d:\desktop\密码挑战赛\lbc\lbc\x64\debug\lbc.tlog\link.read.3.tlog
d:\desktop\密码挑战赛\lbc\lbc\x64\debug\lbc.tlog\link.read.4.tlog
d:\desktop\密码挑战赛\lbc\lbc\x64\debug\lbc.tlog\link.read.5.tlog
d:\desktop\密码挑战赛\lbc\lbc\x64\debug\lbc.tlog\link.read.6.tlog
d:\desktop\密码挑战赛\lbc\lbc\x64\debug\lbc.tlog\link.read.7.tlog
d:\desktop\密码挑战赛\lbc\lbc\x64\debug\lbc.tlog\link.secondary.1.tlog
d:\desktop\密码挑战赛\lbc\lbc\x64\debug\lbc.tlog\link.write.1.tlog
